<?xml version="1.0" encoding="UTF-8"?>
<!-- Generated by org.testng.reporters.JUnitReportReporter -->
<testsuite hostname="Shubham-Presolv360" failures="0" tests="1" name="org.testRunner.TestNGRunnerTest" time="20.645" errors="0" timestamp="2025-08-08T14:42:28 IST" skipped="0">
  <testcase classname="org.testRunner.TestNGRunnerTest" name="runScenario" time="20.645"/>
</testsuite> <!-- org.testRunner.TestNGRunnerTest -->
